0 info it worked if it ends with ok
1 verbose cli [ '/usr/local/bin/node', '/usr/local/bin/npm', 'run', 'dev' ]
2 info using npm@3.10.8
3 info using node@v7.0.0
4 verbose run-script [ 'predev', 'dev', 'postdev' ]
5 info lifecycle ck2017@1.0.0~predev: ck2017@1.0.0
6 silly lifecycle ck2017@1.0.0~predev: no script for predev, continuing
7 info lifecycle ck2017@1.0.0~dev: ck2017@1.0.0
8 verbose lifecycle ck2017@1.0.0~dev: unsafe-perm in lifecycle true
9 verbose lifecycle ck2017@1.0.0~dev: PATH: /usr/local/lib/node_modules/npm/bin/node-gyp-bin:/Users/philgrayphilgray/sites/ck2017/node_modules/.bin:/Library/Frameworks/Python.framework/Versions/3.5/bin:/usr/local/bin:/usr/bin:/bin:/usr/sbin:/sbin:/opt/X11/bin:/Applications/DevDesktop/drush
10 verbose lifecycle ck2017@1.0.0~dev: CWD: /Users/philgrayphilgray/sites/ck2017
11 silly lifecycle ck2017@1.0.0~dev: Args: [ '-c', 'webpack-dev-server --config webpack.config.dev.js' ]
12 silly lifecycle ck2017@1.0.0~dev: Returned: code: 1  signal: null
13 info lifecycle ck2017@1.0.0~dev: Failed to exec dev script
14 verbose stack Error: ck2017@1.0.0 dev: `webpack-dev-server --config webpack.config.dev.js`
14 verbose stack Exit status 1
14 verbose stack     at EventEmitter.<anonymous> (/usr/local/lib/node_modules/npm/lib/utils/lifecycle.js:255:16)
14 verbose stack     at emitTwo (events.js:106:13)
14 verbose stack     at EventEmitter.emit (events.js:191:7)
14 verbose stack     at ChildProcess.<anonymous> (/usr/local/lib/node_modules/npm/lib/utils/spawn.js:40:14)
14 verbose stack     at emitTwo (events.js:106:13)
14 verbose stack     at ChildProcess.emit (events.js:191:7)
14 verbose stack     at maybeClose (internal/child_process.js:877:16)
14 verbose stack     at Process.ChildProcess._handle.onexit (internal/child_process.js:226:5)
15 verbose pkgid ck2017@1.0.0
16 verbose cwd /Users/philgrayphilgray/sites/ck2017
17 error Darwin 16.1.0
18 error argv "/usr/local/bin/node" "/usr/local/bin/npm" "run" "dev"
19 error node v7.0.0
20 error npm  v3.10.8
21 error code ELIFECYCLE
22 error ck2017@1.0.0 dev: `webpack-dev-server --config webpack.config.dev.js`
22 error Exit status 1
23 error Failed at the ck2017@1.0.0 dev script 'webpack-dev-server --config webpack.config.dev.js'.
23 error Make sure you have the latest version of node.js and npm installed.
23 error If you do, this is most likely a problem with the ck2017 package,
23 error not with npm itself.
23 error Tell the author that this fails on your system:
23 error     webpack-dev-server --config webpack.config.dev.js
23 error You can get information on how to open an issue for this project with:
23 error     npm bugs ck2017
23 error Or if that isn't available, you can get their info via:
23 error     npm owner ls ck2017
23 error There is likely additional logging output above.
24 verbose exit [ 1, true ]
